<?xml version="1.0" encoding="UTF-8"?>
<!-- Generated by org.testng.reporters.JUnitReportReporter -->
<testsuite hostname="RAMYA-S" failures="0" tests="1" name="RMITestScript.Applicant_Details" time="20.647" errors="0" timestamp="2023-06-22T14:38:16 IST" skipped="0">
  <testcase classname="RMITestScript.Applicant_Details" name="form" time="20.647"/>
  <system-out>
    <![CDATA[Path is valid
Path is valid
Path is valid
Path is valid]]>
  </system-out>
</testsuite> <!-- RMITestScript.Applicant_Details -->
