<?xml version="1.0" encoding="UTF-8"?>
<!-- Generated by org.testng.reporters.JUnitReportReporter -->
<testsuite hostname="RAMYA-S" failures="0" tests="1" name="RMITestScript.Test1" time="58.165" errors="0" timestamp="2023-06-09T15:37:06 IST" skipped="0">
  <testcase classname="RMITestScript.Test1" name="loginPage" time="58.165"/>
  <system-out>
    <![CDATA[Path is valid
Path is valid]]>
  </system-out>
</testsuite> <!-- RMITestScript.Test1 -->
