<?xml version="1.0" encoding="UTF-8"?>
<!-- Generated by org.testng.reporters.JUnitReportReporter -->
<<<<<<< HEAD
<testsuite hostname="RAMYA-S" failures="0" tests="1" name="RMITestScript.Test1" time="32.677" errors="0" timestamp="2023-06-08T16:37:07 IST" skipped="0">
  <testcase classname="RMITestScript.Test1" name="loginPage" time="32.677"/>
=======
<testsuite hostname="SakshiBhavsar" failures="0" tests="1" name="RMITestScript.Test1" time="34.521" errors="0" timestamp="2023-06-08T16:12:32 IST" skipped="0">
  <testcase classname="RMITestScript.Test1" name="loginPage" time="34.521"/>
>>>>>>> branch 'master' of https://github.com/ramya-cms/ReachMyIndia.git
  <system-out>
    <![CDATA[Path is valid
Path is valid]]>
  </system-out>
</testsuite> <!-- RMITestScript.Test1 -->
