<<<<<<< HEAD
<?xml version="1.0" encoding="UTF-8"?>
<!-- Generated by org.testng.reporters.JUnitReportReporter -->
<testsuite hostname="SakshiBhavsar" failures="0" tests="1" name="RMITestScript.Registration_Test" time="25.339" errors="0" timestamp="2023-06-21T12:24:13 IST" skipped="0">
  <testcase classname="RMITestScript.Registration_Test" name="RegPage" time="25.339"/>
  <system-out>
    <![CDATA[Path is valid
Path is valid]]>
  </system-out>
</testsuite> <!-- RMITestScript.Registration_Test -->
=======
<?xml version="1.0" encoding="UTF-8"?>
<!-- Generated by org.testng.reporters.JUnitReportReporter -->
<testsuite hostname="RAMYA-S" failures="0" tests="1" name="RMITestScript.Registration_Test" time="48.191" errors="0" timestamp="2023-06-21T17:14:43 IST" skipped="0">
  <testcase classname="RMITestScript.Registration_Test" name="RegPage" time="48.191"/>
  <system-out>
    <![CDATA[Path is valid
Path is valid]]>
  </system-out>
</testsuite> <!-- RMITestScript.Registration_Test -->
>>>>>>> branch 'master' of https://github.com/Sakshi-CMS/ReachMyIndia.git
