<?xml version="1.0" encoding="UTF-8"?>
<!-- Generated by org.testng.reporters.JUnitReportReporter -->
<testsuite hostname="SakshiBhavsar" failures="0" tests="1" name="RMITestScript.Applicant_Details" time="0.000" errors="0" timestamp="2023-06-22T13:03:27 IST" skipped="1">
  <testcase classname="RMITestScript.Applicant_Details" name="form" time="0.000">
    <skipped/>
  </testcase> <!-- form -->
  <system-out/>
</testsuite> <!-- RMITestScript.Applicant_Details -->
